<?xml version="1.0" encoding="UTF-8"?>
<!-- Generated by org.testng.reporters.JUnitReportReporter -->
<testsuite skipped="0" hostname="DESKTOP-57QU30E" name="Jenkings.Testing.Tables" tests="1" failures="0" timestamp="13 Jul 2020 07:53:26 GMT" time="9.659" errors="0">
  <testcase name="Table" time="9.659" classname="Jenkings.Testing.Tables"/>
</testsuite> <!-- Jenkings.Testing.Tables -->
